2026-02-16 11:44:35.045 +05:30 [INF] CRM Backend starting on Development
2026-02-16 11:44:35.257 +05:30 [WRN] Overriding address(es) 'http://localhost:5005'. Binding to endpoints defined via IConfiguration and/or UseKestrel() instead.
2026-02-16 11:54:36.500 +05:30 [INF] → GET /api/crm/leads
2026-02-16 11:54:36.500 +05:30 [INF] → GET /api/crm/leads/analytics
2026-02-16 11:54:36.509 +05:30 [INF] ← GET /api/crm/leads 401 (9ms)
2026-02-16 11:54:36.509 +05:30 [INF] ← GET /api/crm/leads/analytics 401 (9ms)
2026-02-16 11:54:36.680 +05:30 [INF] → GET /api/crm/leads/analytics
2026-02-16 11:54:36.680 +05:30 [INF] → GET /api/crm/leads
2026-02-16 11:54:36.681 +05:30 [INF] ← GET /api/crm/leads 401 (1ms)
2026-02-16 11:54:36.681 +05:30 [INF] ← GET /api/crm/leads/analytics 401 (1ms)
2026-02-16 11:54:36.709 +05:30 [INF] → GET /api/crm/leads
2026-02-16 11:54:36.709 +05:30 [INF] ← GET /api/crm/leads 401 (0ms)
2026-02-16 12:04:42.856 +05:30 [INF] → GET /api/crm/leads
2026-02-16 12:04:42.856 +05:30 [INF] → GET /api/crm/leads/analytics
2026-02-16 12:04:42.856 +05:30 [INF] ← GET /api/crm/leads/analytics 401 (0ms)
2026-02-16 12:04:42.856 +05:30 [INF] ← GET /api/crm/leads 401 (0ms)
2026-02-16 12:04:42.898 +05:30 [INF] → GET /api/crm/leads
2026-02-16 12:04:42.898 +05:30 [INF] → GET /api/crm/leads/analytics
2026-02-16 12:04:42.899 +05:30 [INF] ← GET /api/crm/leads/analytics 401 (0ms)
2026-02-16 12:04:42.899 +05:30 [INF] ← GET /api/crm/leads 401 (0ms)
2026-02-16 12:04:43.037 +05:30 [INF] → GET /api/crm/leads/analytics
2026-02-16 12:04:43.038 +05:30 [INF] ← GET /api/crm/leads/analytics 401 (0ms)
2026-02-16 12:04:57.040 +05:30 [INF] → GET /api/crm/leads
2026-02-16 12:04:57.040 +05:30 [INF] → GET /api/crm/leads/analytics
2026-02-16 12:04:57.040 +05:30 [INF] ← GET /api/crm/leads 401 (0ms)
2026-02-16 12:04:57.040 +05:30 [INF] ← GET /api/crm/leads/analytics 401 (0ms)
2026-02-16 12:04:57.068 +05:30 [INF] → GET /api/crm/leads/analytics
2026-02-16 12:04:57.068 +05:30 [INF] → GET /api/crm/leads
2026-02-16 12:04:57.069 +05:30 [INF] ← GET /api/crm/leads 401 (0ms)
2026-02-16 12:04:57.069 +05:30 [INF] ← GET /api/crm/leads/analytics 401 (0ms)
2026-02-16 12:04:57.219 +05:30 [INF] → GET /api/crm/leads/analytics
2026-02-16 12:04:57.219 +05:30 [INF] ← GET /api/crm/leads/analytics 401 (0ms)
2026-02-16 12:04:58.801 +05:30 [INF] → GET /api/crm/contacts
2026-02-16 12:04:58.802 +05:30 [INF] ← GET /api/crm/contacts 401 (0ms)
2026-02-16 12:04:58.824 +05:30 [INF] → GET /api/crm/contacts
2026-02-16 12:04:58.824 +05:30 [INF] ← GET /api/crm/contacts 401 (0ms)
2026-02-16 12:05:05.209 +05:30 [INF] → GET /api/crm/leads
2026-02-16 12:05:05.209 +05:30 [INF] → GET /api/crm/leads/analytics
2026-02-16 12:05:05.209 +05:30 [INF] ← GET /api/crm/leads 401 (0ms)
2026-02-16 12:05:05.209 +05:30 [INF] ← GET /api/crm/leads/analytics 401 (0ms)
2026-02-16 12:05:05.370 +05:30 [INF] → GET /api/crm/leads
2026-02-16 12:05:05.370 +05:30 [INF] → GET /api/crm/leads/analytics
2026-02-16 12:05:05.370 +05:30 [INF] ← GET /api/crm/leads/analytics 401 (0ms)
2026-02-16 12:05:05.370 +05:30 [INF] ← GET /api/crm/leads 401 (0ms)
2026-02-16 12:05:05.421 +05:30 [INF] → GET /api/crm/leads
2026-02-16 12:05:05.422 +05:30 [INF] ← GET /api/crm/leads 401 (0ms)
2026-02-16 12:05:14.726 +05:30 [INF] → GET /api/crm/leads/check-duplicates
2026-02-16 12:05:14.726 +05:30 [INF] ← GET /api/crm/leads/check-duplicates 404 (0ms)
2026-02-16 12:05:16.377 +05:30 [INF] → GET /api/crm/leads/check-duplicates
2026-02-16 12:05:16.377 +05:30 [INF] ← GET /api/crm/leads/check-duplicates 404 (0ms)
2026-02-16 12:05:18.395 +05:30 [INF] → GET /api/crm/leads/check-duplicates
2026-02-16 12:05:18.395 +05:30 [INF] ← GET /api/crm/leads/check-duplicates 404 (0ms)
2026-02-16 12:06:08.342 +05:30 [INF] → POST /api/crm/leads
2026-02-16 12:06:08.342 +05:30 [INF] ← POST /api/crm/leads 401 (0ms)
2026-02-16 12:06:08.507 +05:30 [INF] → POST /api/crm/leads
2026-02-16 12:06:08.507 +05:30 [INF] ← POST /api/crm/leads 401 (0ms)
2026-02-16 12:07:13.944 +05:30 [INF] → GET /api/crm/pipelines
2026-02-16 12:07:13.944 +05:30 [INF] → GET /api/crm/opportunities
2026-02-16 12:07:13.944 +05:30 [INF] ← GET /api/crm/opportunities 401 (0ms)
2026-02-16 12:07:13.944 +05:30 [INF] ← GET /api/crm/pipelines 401 (0ms)
2026-02-16 12:07:14.127 +05:30 [INF] → GET /api/crm/opportunities
2026-02-16 12:07:14.127 +05:30 [INF] ← GET /api/crm/opportunities 401 (0ms)
2026-02-16 12:07:14.128 +05:30 [INF] → GET /api/crm/pipelines
2026-02-16 12:07:14.128 +05:30 [INF] ← GET /api/crm/pipelines 401 (0ms)
2026-02-16 12:07:14.283 +05:30 [INF] → GET /api/crm/opportunities
2026-02-16 12:07:14.283 +05:30 [INF] ← GET /api/crm/opportunities 401 (0ms)
2026-02-16 12:07:18.354 +05:30 [INF] → GET /api/crm/leads/analytics
2026-02-16 12:07:18.354 +05:30 [INF] → GET /api/crm/leads
2026-02-16 12:07:18.354 +05:30 [INF] ← GET /api/crm/leads/analytics 401 (0ms)
2026-02-16 12:07:18.354 +05:30 [INF] ← GET /api/crm/leads 401 (0ms)
2026-02-16 12:07:18.428 +05:30 [INF] → GET /api/crm/leads
2026-02-16 12:07:18.428 +05:30 [INF] → GET /api/crm/leads/analytics
2026-02-16 12:07:18.428 +05:30 [INF] ← GET /api/crm/leads 401 (0ms)
2026-02-16 12:07:18.428 +05:30 [INF] ← GET /api/crm/leads/analytics 401 (0ms)
2026-02-16 12:07:18.612 +05:30 [INF] → GET /api/crm/leads/analytics
2026-02-16 12:07:18.613 +05:30 [INF] ← GET /api/crm/leads/analytics 401 (0ms)
2026-02-16 12:07:20.301 +05:30 [INF] → GET /api/crm/contacts
2026-02-16 12:07:20.301 +05:30 [INF] ← GET /api/crm/contacts 401 (0ms)
2026-02-16 12:07:20.358 +05:30 [INF] → GET /api/crm/contacts
2026-02-16 12:07:20.359 +05:30 [INF] ← GET /api/crm/contacts 401 (0ms)
2026-02-16 12:07:22.286 +05:30 [INF] → GET /api/crm/accounts
2026-02-16 12:07:22.286 +05:30 [INF] ← GET /api/crm/accounts 401 (0ms)
2026-02-16 12:07:22.411 +05:30 [INF] → GET /api/crm/accounts
2026-02-16 12:07:22.411 +05:30 [INF] ← GET /api/crm/accounts 401 (0ms)
2026-02-16 12:11:30.552 +05:30 [INF] → GET /api/crm/contacts
2026-02-16 12:11:30.552 +05:30 [INF] ← GET /api/crm/contacts 401 (0ms)
2026-02-16 12:11:30.609 +05:30 [INF] → GET /api/crm/contacts
2026-02-16 12:11:30.610 +05:30 [INF] ← GET /api/crm/contacts 401 (0ms)
2026-02-16 12:11:33.313 +05:30 [INF] → GET /api/crm/leads/analytics
2026-02-16 12:11:33.313 +05:30 [INF] ← GET /api/crm/leads/analytics 401 (0ms)
2026-02-16 12:11:33.315 +05:30 [INF] → GET /api/crm/leads
2026-02-16 12:11:33.315 +05:30 [INF] ← GET /api/crm/leads 401 (0ms)
2026-02-16 12:11:33.333 +05:30 [INF] → GET /api/crm/leads/analytics
2026-02-16 12:11:33.333 +05:30 [INF] ← GET /api/crm/leads/analytics 401 (0ms)
2026-02-16 12:11:33.334 +05:30 [INF] → GET /api/crm/leads
2026-02-16 12:11:33.334 +05:30 [INF] ← GET /api/crm/leads 401 (0ms)
2026-02-16 12:11:33.353 +05:30 [INF] → GET /api/crm/leads
2026-02-16 12:11:33.353 +05:30 [INF] ← GET /api/crm/leads 401 (0ms)
2026-02-16 12:15:31.361 +05:30 [INF] → GET /api/crm/leads
2026-02-16 12:15:31.361 +05:30 [INF] → GET /api/crm/leads/analytics
2026-02-16 12:15:31.361 +05:30 [INF] ← GET /api/crm/leads 401 (0ms)
2026-02-16 12:15:31.361 +05:30 [INF] ← GET /api/crm/leads/analytics 401 (0ms)
2026-02-16 12:15:31.485 +05:30 [INF] → GET /api/crm/leads
2026-02-16 12:15:31.485 +05:30 [INF] → GET /api/crm/leads/analytics
2026-02-16 12:15:31.485 +05:30 [INF] ← GET /api/crm/leads 401 (0ms)
2026-02-16 12:15:31.485 +05:30 [INF] ← GET /api/crm/leads/analytics 401 (0ms)
2026-02-16 12:15:31.526 +05:30 [INF] → GET /api/crm/leads/analytics
2026-02-16 12:15:31.526 +05:30 [INF] ← GET /api/crm/leads/analytics 401 (0ms)
2026-02-16 12:20:37.682 +05:30 [INF] → GET /api/crm/leads
2026-02-16 12:20:37.682 +05:30 [INF] → GET /api/crm/leads/analytics
2026-02-16 12:20:37.682 +05:30 [INF] ← GET /api/crm/leads/analytics 401 (0ms)
2026-02-16 12:20:37.682 +05:30 [INF] ← GET /api/crm/leads 401 (0ms)
2026-02-16 12:20:37.721 +05:30 [INF] → GET /api/crm/leads
2026-02-16 12:20:37.721 +05:30 [INF] → GET /api/crm/leads/analytics
2026-02-16 12:20:37.721 +05:30 [INF] ← GET /api/crm/leads 401 (0ms)
2026-02-16 12:20:37.721 +05:30 [INF] ← GET /api/crm/leads/analytics 401 (0ms)
2026-02-16 12:20:37.855 +05:30 [INF] → GET /api/crm/leads/analytics
2026-02-16 12:20:37.855 +05:30 [INF] ← GET /api/crm/leads/analytics 401 (0ms)
2026-02-16 12:20:43.190 +05:30 [INF] → GET /api/crm/leads
2026-02-16 12:20:43.190 +05:30 [INF] ← GET /api/crm/leads 401 (0ms)
2026-02-16 12:20:43.190 +05:30 [INF] → GET /api/crm/leads/analytics
2026-02-16 12:20:43.190 +05:30 [INF] ← GET /api/crm/leads/analytics 401 (0ms)
2026-02-16 12:20:43.228 +05:30 [INF] → GET /api/crm/leads
2026-02-16 12:20:43.228 +05:30 [INF] → GET /api/crm/leads/analytics
2026-02-16 12:20:43.285 +05:30 [INF] ← GET /api/crm/leads/analytics 401 (57ms)
2026-02-16 12:20:43.292 +05:30 [INF] ← GET /api/crm/leads 401 (64ms)
2026-02-16 12:20:43.368 +05:30 [INF] → GET /api/crm/leads/analytics
2026-02-16 12:20:43.368 +05:30 [INF] ← GET /api/crm/leads/analytics 401 (0ms)
2026-02-16 12:21:53.888 +05:30 [INF] → GET /api/crm/contacts
2026-02-16 12:21:53.888 +05:30 [INF] ← GET /api/crm/contacts 401 (0ms)
2026-02-16 12:21:53.924 +05:30 [INF] → GET /api/crm/contacts
2026-02-16 12:21:53.924 +05:30 [INF] ← GET /api/crm/contacts 401 (0ms)
2026-02-16 12:22:33.641 +05:30 [INF] → GET /api/crm/accounts
2026-02-16 12:22:33.642 +05:30 [INF] ← GET /api/crm/accounts 401 (0ms)
2026-02-16 12:22:33.669 +05:30 [INF] → GET /api/crm/accounts
2026-02-16 12:22:33.669 +05:30 [INF] ← GET /api/crm/accounts 401 (0ms)
2026-02-16 12:23:43.622 +05:30 [INF] → POST /api/crm/accounts
2026-02-16 12:23:43.622 +05:30 [INF] ← POST /api/crm/accounts 401 (0ms)
2026-02-16 12:23:43.791 +05:30 [INF] → POST /api/crm/accounts
2026-02-16 12:23:43.791 +05:30 [INF] ← POST /api/crm/accounts 401 (0ms)
2026-02-16 12:26:22.657 +05:30 [INF] → GET /api/crm/pipelines
2026-02-16 12:26:22.657 +05:30 [INF] ← GET /api/crm/pipelines 401 (0ms)
2026-02-16 12:26:22.692 +05:30 [INF] → GET /api/crm/pipelines
2026-02-16 12:26:22.692 +05:30 [INF] ← GET /api/crm/pipelines 401 (0ms)
2026-02-16 12:26:25.999 +05:30 [INF] → GET /api/crm/contacts
2026-02-16 12:26:26.000 +05:30 [INF] ← GET /api/crm/contacts 401 (0ms)
2026-02-16 12:26:26.018 +05:30 [INF] → GET /api/crm/contacts
2026-02-16 12:26:26.018 +05:30 [INF] ← GET /api/crm/contacts 401 (0ms)
2026-02-16 12:27:44.283 +05:30 [INF] → GET /api/crm/status
2026-02-16 12:27:44.310 +05:30 [INF] ← GET /api/crm/status 200 (26ms)
2026-02-16 12:27:44.407 +05:30 [INF] → GET /api/crm/dashboard/health
2026-02-16 12:27:44.407 +05:30 [INF] ← GET /api/crm/dashboard/health 401 (0ms)
2026-02-16 12:27:44.615 +05:30 [INF] → GET /api/crm/dashboard
2026-02-16 12:27:44.615 +05:30 [INF] ← GET /api/crm/dashboard 401 (0ms)
2026-02-16 12:27:44.631 +05:30 [INF] → GET /api/crm/leads
2026-02-16 12:27:44.632 +05:30 [INF] ← GET /api/crm/leads 401 (1ms)
2026-02-16 12:27:44.658 +05:30 [INF] → GET /api/crm/contacts
2026-02-16 12:27:44.658 +05:30 [INF] ← GET /api/crm/contacts 401 (0ms)
2026-02-16 12:27:44.666 +05:30 [INF] → GET /api/crm/accounts
2026-02-16 12:27:44.666 +05:30 [INF] ← GET /api/crm/accounts 401 (0ms)
2026-02-16 12:27:44.674 +05:30 [INF] → GET /api/crm/opportunities
2026-02-16 12:27:44.674 +05:30 [INF] ← GET /api/crm/opportunities 401 (0ms)
2026-02-16 12:27:44.680 +05:30 [INF] → GET /api/crm/activities
2026-02-16 12:27:44.681 +05:30 [INF] ← GET /api/crm/activities 401 (0ms)
2026-02-16 12:27:44.693 +05:30 [INF] → GET /api/crm/pipelines
2026-02-16 12:27:44.694 +05:30 [INF] ← GET /api/crm/pipelines 401 (0ms)
2026-02-16 12:31:33.621 +05:30 [INF] → GET /api/crm/status
2026-02-16 12:31:33.622 +05:30 [INF] ← GET /api/crm/status 200 (0ms)
2026-02-16 12:31:33.639 +05:30 [INF] → GET /api/crm/dashboard/health
2026-02-16 12:31:34.023 +05:30 [INF] Querying MstGroupModule for Group "a4cda11d-7480-40f2-902a-aa6aaa377617" and Module "b177a047-1684-4014-8f07-ae489508d129"
2026-02-16 12:31:35.586 +05:30 [INF] Successfully retrieved connection string from MstGroupModule for Group "a4cda11d-7480-40f2-902a-aa6aaa377617" and Module "b177a047-1684-4014-8f07-ae489508d129"
2026-02-16 12:31:35.586 +05:30 [INF] Resolved CRM context. GroupGUID: "a4cda11d-7480-40f2-902a-aa6aaa377617", OrganizationGUID: "b014af82-5e93-4093-a0e3-6e5108afd8a9", ModuleGUID: "b177a047-1684-4014-8f07-ae489508d129", Schema: ORG_b014af825e934093a0e36e5108afd8a9
2026-02-16 12:31:36.487 +05:30 [WRN] SLOW REQUEST: GET /api/crm/dashboard/health took 2845ms
2026-02-16 12:31:36.487 +05:30 [INF] ← GET /api/crm/dashboard/health 200 (2847ms)
2026-02-16 12:31:36.522 +05:30 [INF] → GET /api/crm/dashboard
2026-02-16 12:31:36.528 +05:30 [INF] Connection string found in cache for Group "a4cda11d-7480-40f2-902a-aa6aaa377617" and Module "b177a047-1684-4014-8f07-ae489508d129"
2026-02-16 12:31:36.528 +05:30 [INF] Resolved CRM context. GroupGUID: "a4cda11d-7480-40f2-902a-aa6aaa377617", OrganizationGUID: "b014af82-5e93-4093-a0e3-6e5108afd8a9", ModuleGUID: "b177a047-1684-4014-8f07-ae489508d129", Schema: ORG_b014af825e934093a0e36e5108afd8a9
2026-02-16 12:31:36.935 +05:30 [INF] Dashboard cache MISS for tenant "a4cda11d-7480-40f2-902a-aa6aaa377617", generating...
2026-02-16 12:31:36.936 +05:30 [INF] Generating CRM dashboard for tenant "a4cda11d-7480-40f2-902a-aa6aaa377617"
2026-02-16 12:31:37.531 +05:30 [INF] Dashboard generated in 595.0832ms for tenant "a4cda11d-7480-40f2-902a-aa6aaa377617"
2026-02-16 12:31:37.533 +05:30 [INF] Dashboard cached for tenant "a4cda11d-7480-40f2-902a-aa6aaa377617" with TTL "00:15:00"
2026-02-16 12:31:37.534 +05:30 [INF] Dashboard retrieved in 599.151ms for user "bc0cb488-1705-4cb1-9c21-83063dc317d9"
2026-02-16 12:31:37.553 +05:30 [WRN] SLOW REQUEST: GET /api/crm/dashboard took 1030ms
2026-02-16 12:31:37.553 +05:30 [INF] ← GET /api/crm/dashboard 200 (1030ms)
2026-02-16 12:31:37.565 +05:30 [INF] → GET /api/crm/leads
2026-02-16 12:31:37.573 +05:30 [INF] Connection string found in cache for Group "a4cda11d-7480-40f2-902a-aa6aaa377617" and Module "b177a047-1684-4014-8f07-ae489508d129"
2026-02-16 12:31:37.573 +05:30 [INF] Resolved CRM context. GroupGUID: "a4cda11d-7480-40f2-902a-aa6aaa377617", OrganizationGUID: "b014af82-5e93-4093-a0e3-6e5108afd8a9", ModuleGUID: "b177a047-1684-4014-8f07-ae489508d129", Schema: ORG_b014af825e934093a0e36e5108afd8a9
2026-02-16 12:31:38.103 +05:30 [WRN] SLOW REQUEST: GET /api/crm/leads took 538ms
2026-02-16 12:31:38.104 +05:30 [INF] ← GET /api/crm/leads 200 (538ms)
2026-02-16 12:31:38.111 +05:30 [INF] → GET /api/crm/contacts
2026-02-16 12:31:38.114 +05:30 [INF] Connection string found in cache for Group "a4cda11d-7480-40f2-902a-aa6aaa377617" and Module "b177a047-1684-4014-8f07-ae489508d129"
2026-02-16 12:31:38.114 +05:30 [INF] Resolved CRM context. GroupGUID: "a4cda11d-7480-40f2-902a-aa6aaa377617", OrganizationGUID: "b014af82-5e93-4093-a0e3-6e5108afd8a9", ModuleGUID: "b177a047-1684-4014-8f07-ae489508d129", Schema: ORG_b014af825e934093a0e36e5108afd8a9
2026-02-16 12:31:38.507 +05:30 [INF] ← GET /api/crm/contacts 200 (395ms)
2026-02-16 12:31:38.515 +05:30 [INF] → GET /api/crm/accounts
2026-02-16 12:31:38.518 +05:30 [INF] Connection string found in cache for Group "a4cda11d-7480-40f2-902a-aa6aaa377617" and Module "b177a047-1684-4014-8f07-ae489508d129"
2026-02-16 12:31:38.518 +05:30 [INF] Resolved CRM context. GroupGUID: "a4cda11d-7480-40f2-902a-aa6aaa377617", OrganizationGUID: "b014af82-5e93-4093-a0e3-6e5108afd8a9", ModuleGUID: "b177a047-1684-4014-8f07-ae489508d129", Schema: ORG_b014af825e934093a0e36e5108afd8a9
2026-02-16 12:31:38.901 +05:30 [INF] ← GET /api/crm/accounts 200 (386ms)
2026-02-16 12:31:38.909 +05:30 [INF] → GET /api/crm/opportunities
2026-02-16 12:31:38.911 +05:30 [INF] Connection string found in cache for Group "a4cda11d-7480-40f2-902a-aa6aaa377617" and Module "b177a047-1684-4014-8f07-ae489508d129"
2026-02-16 12:31:38.911 +05:30 [INF] Resolved CRM context. GroupGUID: "a4cda11d-7480-40f2-902a-aa6aaa377617", OrganizationGUID: "b014af82-5e93-4093-a0e3-6e5108afd8a9", ModuleGUID: "b177a047-1684-4014-8f07-ae489508d129", Schema: ORG_b014af825e934093a0e36e5108afd8a9
2026-02-16 12:31:39.297 +05:30 [INF] ← GET /api/crm/opportunities 200 (388ms)
2026-02-16 12:31:39.306 +05:30 [INF] → GET /api/crm/activities
2026-02-16 12:31:39.308 +05:30 [INF] Connection string found in cache for Group "a4cda11d-7480-40f2-902a-aa6aaa377617" and Module "b177a047-1684-4014-8f07-ae489508d129"
2026-02-16 12:31:39.309 +05:30 [INF] Resolved CRM context. GroupGUID: "a4cda11d-7480-40f2-902a-aa6aaa377617", OrganizationGUID: "b014af82-5e93-4093-a0e3-6e5108afd8a9", ModuleGUID: "b177a047-1684-4014-8f07-ae489508d129", Schema: ORG_b014af825e934093a0e36e5108afd8a9
2026-02-16 12:31:39.734 +05:30 [INF] ← GET /api/crm/activities 200 (428ms)
2026-02-16 12:31:39.741 +05:30 [INF] → GET /api/crm/pipelines
2026-02-16 12:31:39.743 +05:30 [INF] Connection string found in cache for Group "a4cda11d-7480-40f2-902a-aa6aaa377617" and Module "b177a047-1684-4014-8f07-ae489508d129"
2026-02-16 12:31:39.743 +05:30 [INF] Resolved CRM context. GroupGUID: "a4cda11d-7480-40f2-902a-aa6aaa377617", OrganizationGUID: "b014af82-5e93-4093-a0e3-6e5108afd8a9", ModuleGUID: "b177a047-1684-4014-8f07-ae489508d129", Schema: ORG_b014af825e934093a0e36e5108afd8a9
2026-02-16 12:31:40.164 +05:30 [INF] ← GET /api/crm/pipelines 200 (423ms)
