2026-02-16 16:26:59.686 +05:30 [INF] CRM Backend starting on Development
2026-02-16 16:26:59.792 +05:30 [WRN] Overriding address(es) 'http://localhost:5005'. Binding to endpoints defined via IConfiguration and/or UseKestrel() instead.
2026-02-16 16:26:59.809 +05:30 [ERR] Hosting failed to start
System.IO.IOException: Failed to bind to address http://127.0.0.1:5005: address already in use.
 ---> Microsoft.AspNetCore.Connections.AddressInUseException: Only one usage of each socket address (protocol/network address/port) is normally permitted.
 ---> System.Net.Sockets.SocketException (10048): Only one usage of each socket address (protocol/network address/port) is normally permitted.
   at System.Net.Sockets.Socket.UpdateStatusAfterSocketErrorAndThrowException(SocketError error, Boolean disconnectOnFailure, String callerName)
   at System.Net.Sockets.Socket.DoBind(EndPoint endPointSnapshot, SocketAddress socketAddress)
   at System.Net.Sockets.Socket.Bind(EndPoint localEP)
   at Microsoft.AspNetCore.Server.Kestrel.Transport.Sockets.SocketTransportOptions.CreateDefaultBoundListenSocket(EndPoint endpoint)
   at Microsoft.AspNetCore.Server.Kestrel.Transport.Sockets.SocketConnectionListener.Bind()
   --- End of inner exception stack trace ---
   at Microsoft.AspNetCore.Server.Kestrel.Transport.Sockets.SocketConnectionListener.Bind()
   at Microsoft.AspNetCore.Server.Kestrel.Transport.Sockets.SocketTransportFactory.BindAsync(EndPoint endpoint, CancellationToken cancellationToken)
   at Microsoft.AspNetCore.Server.Kestrel.Core.Internal.Infrastructure.TransportManager.BindAsync(EndPoint endPoint, ConnectionDelegate connectionDelegate, EndpointConfig endpointConfig, CancellationToken cancellationToken)
   at Microsoft.AspNetCore.Server.Kestrel.Core.KestrelServerImpl.<>c__DisplayClass28_0`1.<<StartAsync>g__OnBind|0>d.MoveNext()
--- End of stack trace from previous location ---
   at Microsoft.AspNetCore.Server.Kestrel.Core.Internal.AddressBinder.BindEndpointAsync(ListenOptions endpoint, AddressBindContext context, CancellationToken cancellationToken)
   --- End of inner exception stack trace ---
   at Microsoft.AspNetCore.Server.Kestrel.Core.Internal.AddressBinder.BindEndpointAsync(ListenOptions endpoint, AddressBindContext context, CancellationToken cancellationToken)
   at Microsoft.AspNetCore.Server.Kestrel.Core.LocalhostListenOptions.BindAsync(AddressBindContext context, CancellationToken cancellationToken)
   at Microsoft.AspNetCore.Server.Kestrel.Core.Internal.AddressBinder.EndpointsStrategy.BindAsync(AddressBindContext context, CancellationToken cancellationToken)
   at Microsoft.AspNetCore.Server.Kestrel.Core.Internal.AddressBinder.BindAsync(ListenOptions[] listenOptions, AddressBindContext context, Func`2 useHttps, CancellationToken cancellationToken)
   at Microsoft.AspNetCore.Server.Kestrel.Core.KestrelServerImpl.BindAsync(CancellationToken cancellationToken)
   at Microsoft.AspNetCore.Server.Kestrel.Core.KestrelServerImpl.StartAsync[TContext](IHttpApplication`1 application, CancellationToken cancellationToken)
   at Microsoft.AspNetCore.Hosting.GenericWebHostService.StartAsync(CancellationToken cancellationToken)
   at Microsoft.Extensions.Hosting.Internal.Host.<StartAsync>b__15_1(IHostedService service, CancellationToken token)
   at Microsoft.Extensions.Hosting.Internal.Host.ForeachService[T](IEnumerable`1 services, CancellationToken token, Boolean concurrent, Boolean abortOnFirstException, List`1 exceptions, Func`3 operation)
2026-02-16 16:26:59.835 +05:30 [FTL] CRM Backend terminated unexpectedly
System.IO.IOException: Failed to bind to address http://127.0.0.1:5005: address already in use.
 ---> Microsoft.AspNetCore.Connections.AddressInUseException: Only one usage of each socket address (protocol/network address/port) is normally permitted.
 ---> System.Net.Sockets.SocketException (10048): Only one usage of each socket address (protocol/network address/port) is normally permitted.
   at System.Net.Sockets.Socket.UpdateStatusAfterSocketErrorAndThrowException(SocketError error, Boolean disconnectOnFailure, String callerName)
   at System.Net.Sockets.Socket.DoBind(EndPoint endPointSnapshot, SocketAddress socketAddress)
   at System.Net.Sockets.Socket.Bind(EndPoint localEP)
   at Microsoft.AspNetCore.Server.Kestrel.Transport.Sockets.SocketTransportOptions.CreateDefaultBoundListenSocket(EndPoint endpoint)
   at Microsoft.AspNetCore.Server.Kestrel.Transport.Sockets.SocketConnectionListener.Bind()
   --- End of inner exception stack trace ---
   at Microsoft.AspNetCore.Server.Kestrel.Transport.Sockets.SocketConnectionListener.Bind()
   at Microsoft.AspNetCore.Server.Kestrel.Transport.Sockets.SocketTransportFactory.BindAsync(EndPoint endpoint, CancellationToken cancellationToken)
   at Microsoft.AspNetCore.Server.Kestrel.Core.Internal.Infrastructure.TransportManager.BindAsync(EndPoint endPoint, ConnectionDelegate connectionDelegate, EndpointConfig endpointConfig, CancellationToken cancellationToken)
   at Microsoft.AspNetCore.Server.Kestrel.Core.KestrelServerImpl.<>c__DisplayClass28_0`1.<<StartAsync>g__OnBind|0>d.MoveNext()
--- End of stack trace from previous location ---
   at Microsoft.AspNetCore.Server.Kestrel.Core.Internal.AddressBinder.BindEndpointAsync(ListenOptions endpoint, AddressBindContext context, CancellationToken cancellationToken)
   --- End of inner exception stack trace ---
   at Microsoft.AspNetCore.Server.Kestrel.Core.Internal.AddressBinder.BindEndpointAsync(ListenOptions endpoint, AddressBindContext context, CancellationToken cancellationToken)
   at Microsoft.AspNetCore.Server.Kestrel.Core.LocalhostListenOptions.BindAsync(AddressBindContext context, CancellationToken cancellationToken)
   at Microsoft.AspNetCore.Server.Kestrel.Core.Internal.AddressBinder.EndpointsStrategy.BindAsync(AddressBindContext context, CancellationToken cancellationToken)
   at Microsoft.AspNetCore.Server.Kestrel.Core.Internal.AddressBinder.BindAsync(ListenOptions[] listenOptions, AddressBindContext context, Func`2 useHttps, CancellationToken cancellationToken)
   at Microsoft.AspNetCore.Server.Kestrel.Core.KestrelServerImpl.BindAsync(CancellationToken cancellationToken)
   at Microsoft.AspNetCore.Server.Kestrel.Core.KestrelServerImpl.StartAsync[TContext](IHttpApplication`1 application, CancellationToken cancellationToken)
   at Microsoft.AspNetCore.Hosting.GenericWebHostService.StartAsync(CancellationToken cancellationToken)
   at Microsoft.Extensions.Hosting.Internal.Host.<StartAsync>b__15_1(IHostedService service, CancellationToken token)
   at Microsoft.Extensions.Hosting.Internal.Host.ForeachService[T](IEnumerable`1 services, CancellationToken token, Boolean concurrent, Boolean abortOnFirstException, List`1 exceptions, Func`3 operation)
   at Microsoft.Extensions.Hosting.Internal.Host.StartAsync(CancellationToken cancellationToken)
   at Microsoft.Extensions.Hosting.HostingAbstractionsHostExtensions.RunAsync(IHost host, CancellationToken token)
   at Microsoft.Extensions.Hosting.HostingAbstractionsHostExtensions.RunAsync(IHost host, CancellationToken token)
   at Microsoft.Extensions.Hosting.HostingAbstractionsHostExtensions.Run(IHost host)
   at Program.<Main>$(String[] args) in C:\Users\HP\personal_pr\crm-backend\Program.cs:line 322
2026-02-16 16:42:10.693 +05:30 [INF] CRM Backend starting on Development
2026-02-16 16:42:10.804 +05:30 [WRN] Overriding address(es) 'http://localhost:5005'. Binding to endpoints defined via IConfiguration and/or UseKestrel() instead.
2026-02-16 16:44:04.544 +05:30 [INF] → POST /api/crm/accounts/bulk-restore
2026-02-16 16:44:04.630 +05:30 [INF] Querying MstGroupModule for Group "27acdd52-e7cd-4654-ac3c-7d61d81fc915" and Module "b177a047-1684-4014-8f07-ae489508d129"
2026-02-16 16:44:05.260 +05:30 [INF] Successfully retrieved connection string from MstGroupModule for Group "27acdd52-e7cd-4654-ac3c-7d61d81fc915" and Module "b177a047-1684-4014-8f07-ae489508d129"
2026-02-16 16:44:05.264 +05:30 [INF] Resolved CRM context. GroupGUID: "27acdd52-e7cd-4654-ac3c-7d61d81fc915", OrganizationGUID: "5c46bc2e-d930-47fa-8c22-5954a6025230", ModuleGUID: "b177a047-1684-4014-8f07-ae489508d129", Schema: ORG_5c46bc2ed93047fa8c225954a6025230
2026-02-16 16:44:06.096 +05:30 [WRN] SLOW REQUEST: POST /api/crm/accounts/bulk-restore took 1547ms
2026-02-16 16:44:06.100 +05:30 [INF] ← POST /api/crm/accounts/bulk-restore 200 (1557ms)
2026-02-16 16:44:06.146 +05:30 [INF] → GET /api/crm/accounts
2026-02-16 16:44:06.156 +05:30 [INF] Connection string found in cache for Group "27acdd52-e7cd-4654-ac3c-7d61d81fc915" and Module "b177a047-1684-4014-8f07-ae489508d129"
2026-02-16 16:44:06.159 +05:30 [INF] Resolved CRM context. GroupGUID: "27acdd52-e7cd-4654-ac3c-7d61d81fc915", OrganizationGUID: "5c46bc2e-d930-47fa-8c22-5954a6025230", ModuleGUID: "b177a047-1684-4014-8f07-ae489508d129", Schema: ORG_5c46bc2ed93047fa8c225954a6025230
2026-02-16 16:44:07.785 +05:30 [WRN] SLOW REQUEST: GET /api/crm/accounts took 1635ms
2026-02-16 16:44:07.790 +05:30 [INF] ← GET /api/crm/accounts 200 (1643ms)
2026-02-16 16:46:39.415 +05:30 [INF] → GET /api/crm/pipelines
2026-02-16 16:46:39.420 +05:30 [INF] → GET /api/crm/opportunities
2026-02-16 16:46:39.425 +05:30 [INF] Connection string found in cache for Group "27acdd52-e7cd-4654-ac3c-7d61d81fc915" and Module "b177a047-1684-4014-8f07-ae489508d129"
2026-02-16 16:46:39.428 +05:30 [INF] Connection string found in cache for Group "27acdd52-e7cd-4654-ac3c-7d61d81fc915" and Module "b177a047-1684-4014-8f07-ae489508d129"
2026-02-16 16:46:39.430 +05:30 [INF] Resolved CRM context. GroupGUID: "27acdd52-e7cd-4654-ac3c-7d61d81fc915", OrganizationGUID: "5c46bc2e-d930-47fa-8c22-5954a6025230", ModuleGUID: "b177a047-1684-4014-8f07-ae489508d129", Schema: ORG_5c46bc2ed93047fa8c225954a6025230
2026-02-16 16:46:39.434 +05:30 [INF] Resolved CRM context. GroupGUID: "27acdd52-e7cd-4654-ac3c-7d61d81fc915", OrganizationGUID: "5c46bc2e-d930-47fa-8c22-5954a6025230", ModuleGUID: "b177a047-1684-4014-8f07-ae489508d129", Schema: ORG_5c46bc2ed93047fa8c225954a6025230
2026-02-16 16:46:39.873 +05:30 [INF] ← GET /api/crm/pipelines 200 (457ms)
2026-02-16 16:46:40.080 +05:30 [WRN] SLOW REQUEST: GET /api/crm/opportunities took 657ms
2026-02-16 16:46:40.084 +05:30 [INF] ← GET /api/crm/opportunities 200 (664ms)
2026-02-16 16:46:42.576 +05:30 [INF] → GET /api/crm/opportunities/board/23e8a54b-0316-45e1-9be3-20aaf26e3d3f
2026-02-16 16:46:42.581 +05:30 [INF] Connection string found in cache for Group "27acdd52-e7cd-4654-ac3c-7d61d81fc915" and Module "b177a047-1684-4014-8f07-ae489508d129"
2026-02-16 16:46:42.583 +05:30 [INF] Resolved CRM context. GroupGUID: "27acdd52-e7cd-4654-ac3c-7d61d81fc915", OrganizationGUID: "5c46bc2e-d930-47fa-8c22-5954a6025230", ModuleGUID: "b177a047-1684-4014-8f07-ae489508d129", Schema: ORG_5c46bc2ed93047fa8c225954a6025230
2026-02-16 16:46:43.460 +05:30 [WRN] SLOW REQUEST: GET /api/crm/opportunities/board/23e8a54b-0316-45e1-9be3-20aaf26e3d3f took 882ms
2026-02-16 16:46:43.463 +05:30 [INF] ← GET /api/crm/opportunities/board/23e8a54b-0316-45e1-9be3-20aaf26e3d3f 200 (887ms)
2026-02-16 16:48:09.468 +05:30 [INF] → GET /api/crm/activities/upcoming
2026-02-16 16:48:09.473 +05:30 [INF] → GET /api/crm/activities
2026-02-16 16:48:09.474 +05:30 [INF] Connection string found in cache for Group "27acdd52-e7cd-4654-ac3c-7d61d81fc915" and Module "b177a047-1684-4014-8f07-ae489508d129"
2026-02-16 16:48:09.479 +05:30 [INF] Resolved CRM context. GroupGUID: "27acdd52-e7cd-4654-ac3c-7d61d81fc915", OrganizationGUID: "5c46bc2e-d930-47fa-8c22-5954a6025230", ModuleGUID: "b177a047-1684-4014-8f07-ae489508d129", Schema: ORG_5c46bc2ed93047fa8c225954a6025230
2026-02-16 16:48:09.484 +05:30 [INF] Connection string found in cache for Group "27acdd52-e7cd-4654-ac3c-7d61d81fc915" and Module "b177a047-1684-4014-8f07-ae489508d129"
2026-02-16 16:48:09.488 +05:30 [INF] Resolved CRM context. GroupGUID: "27acdd52-e7cd-4654-ac3c-7d61d81fc915", OrganizationGUID: "5c46bc2e-d930-47fa-8c22-5954a6025230", ModuleGUID: "b177a047-1684-4014-8f07-ae489508d129", Schema: ORG_5c46bc2ed93047fa8c225954a6025230
2026-02-16 16:48:09.947 +05:30 [INF] ← GET /api/crm/activities/upcoming 200 (479ms)
2026-02-16 16:48:10.811 +05:30 [WRN] SLOW REQUEST: GET /api/crm/activities took 1333ms
2026-02-16 16:48:10.816 +05:30 [INF] ← GET /api/crm/activities 200 (1342ms)
